{"D:\\test\\projects\\Contacts\\App.js": {"path":"D:\\test\\projects\\Contacts\\App.js","statementMap":{"0":{"start":{"line":12,"column":17},"end":{"line":27,"column":2}},"1":{"start":{"line":29,"column":12},"end":{"line":29,"column":41}},"2":{"start":{"line":32,"column":2},"end":{"line":36,"column":3}}},"fnMap":{"0":{"name":"(anonymous_0)","decl":{"start":{"line":31,"column":15},"end":{"line":31,"column":16}},"loc":{"start":{"line":31,"column":21},"end":{"line":37,"column":1}},"line":31}},"branchMap":{},"s":{"0":0,"1":0,"2":0},"f":{"0":0},"b":{}}
,"D:\\test\\projects\\Contacts\\src\\components\\Form.js": {"path":"D:\\test\\projects\\Contacts\\src\\components\\Form.js","statementMap":{"0":{"start":{"line":5,"column":12},"end":{"line":60,"column":1}},"1":{"start":{"line":6,"column":28},"end":{"line":6,"column":56}},"2":{"start":{"line":7,"column":33},"end":{"line":7,"column":64}},"3":{"start":{"line":8,"column":30},"end":{"line":8,"column":59}},"4":{"start":{"line":9,"column":36},"end":{"line":9,"column":69}},"5":{"start":{"line":10,"column":25},"end":{"line":10,"column":104}},"6":{"start":{"line":11,"column":23},"end":{"line":22,"column":5}},"7":{"start":{"line":12,"column":33},"end":{"line":12,"column":88}},"8":{"start":{"line":13,"column":8},"end":{"line":16,"column":9}},"9":{"start":{"line":14,"column":12},"end":{"line":14,"column":82}},"10":{"start":{"line":15,"column":12},"end":{"line":15,"column":19}},"11":{"start":{"line":17,"column":23},"end":{"line":17,"column":66}},"12":{"start":{"line":19,"column":8},"end":{"line":21,"column":9}},"13":{"start":{"line":20,"column":12},"end":{"line":20,"column":36}},"14":{"start":{"line":25,"column":4},"end":{"line":59,"column":5}},"15":{"start":{"line":29,"column":58},"end":{"line":29,"column":70}},"16":{"start":{"line":34,"column":42},"end":{"line":34,"column":55}},"17":{"start":{"line":41,"column":42},"end":{"line":41,"column":58}},"18":{"start":{"line":49,"column":42},"end":{"line":49,"column":56}},"19":{"start":{"line":54,"column":31},"end":{"line":54,"column":69}},"20":{"start":{"line":62,"column":0},"end":{"line":64,"column":2}},"21":{"start":{"line":68,"column":15},"end":{"line":94,"column":2}}},"fnMap":{"0":{"name":"(anonymous_0)","decl":{"start":{"line":5,"column":12},"end":{"line":5,"column":13}},"loc":{"start":{"line":5,"column":48},"end":{"line":60,"column":1}},"line":5},"1":{"name":"(anonymous_1)","decl":{"start":{"line":11,"column":23},"end":{"line":11,"column":24}},"loc":{"start":{"line":11,"column":35},"end":{"line":22,"column":5}},"line":11},"2":{"name":"(anonymous_2)","decl":{"start":{"line":29,"column":52},"end":{"line":29,"column":53}},"loc":{"start":{"line":29,"column":58},"end":{"line":29,"column":70}},"line":29},"3":{"name":"(anonymous_3)","decl":{"start":{"line":34,"column":32},"end":{"line":34,"column":33}},"loc":{"start":{"line":34,"column":42},"end":{"line":34,"column":55}},"line":34},"4":{"name":"(anonymous_4)","decl":{"start":{"line":41,"column":32},"end":{"line":41,"column":33}},"loc":{"start":{"line":41,"column":42},"end":{"line":41,"column":58}},"line":41},"5":{"name":"(anonymous_5)","decl":{"start":{"line":49,"column":32},"end":{"line":49,"column":33}},"loc":{"start":{"line":49,"column":42},"end":{"line":49,"column":56}},"line":49},"6":{"name":"(anonymous_6)","decl":{"start":{"line":54,"column":25},"end":{"line":54,"column":26}},"loc":{"start":{"line":54,"column":31},"end":{"line":54,"column":69}},"line":54}},"branchMap":{"0":{"loc":{"start":{"line":10,"column":25},"end":{"line":10,"column":104}},"type":"cond-expr","locations":[{"start":{"line":10,"column":37},"end":{"line":10,"column":53}},{"start":{"line":10,"column":55},"end":{"line":10,"column":104}}],"line":10},"1":{"loc":{"start":{"line":13,"column":8},"end":{"line":16,"column":9}},"type":"if","locations":[{"start":{"line":13,"column":8},"end":{"line":16,"column":9}},{"start":{},"end":{}}],"line":13},"2":{"loc":{"start":{"line":19,"column":8},"end":{"line":21,"column":9}},"type":"if","locations":[{"start":{"line":19,"column":8},"end":{"line":21,"column":9}},{"start":{},"end":{}}],"line":19}},"s":{"0":0,"1":0,"2":0,"3":0,"4":0,"5":0,"6":0,"7":0,"8":0,"9":0,"10":0,"11":0,"12":0,"13":0,"14":0,"15":0,"16":0,"17":0,"18":0,"19":0,"20":0,"21":0},"f":{"0":0,"1":0,"2":0,"3":0,"4":0,"5":0,"6":0},"b":{"0":[0,0],"1":[0,0],"2":[0,0]}}
,"D:\\test\\projects\\Contacts\\src\\components\\searchBar.js": {"path":"D:\\test\\projects\\Contacts\\src\\components\\searchBar.js","statementMap":{"0":{"start":{"line":4,"column":18},"end":{"line":19,"column":1}},"1":{"start":{"line":5,"column":4},"end":{"line":18,"column":5}},"2":{"start":{"line":12,"column":39},"end":{"line":12,"column":60}},"3":{"start":{"line":21,"column":15},"end":{"line":31,"column":2}}},"fnMap":{"0":{"name":"(anonymous_0)","decl":{"start":{"line":4,"column":18},"end":{"line":4,"column":19}},"loc":{"start":{"line":4,"column":57},"end":{"line":19,"column":1}},"line":4},"1":{"name":"(anonymous_1)","decl":{"start":{"line":12,"column":28},"end":{"line":12,"column":29}},"loc":{"start":{"line":12,"column":39},"end":{"line":12,"column":60}},"line":12}},"branchMap":{},"s":{"0":2,"1":3,"2":1,"3":2},"f":{"0":3,"1":1},"b":{},"_coverageSchema":"1a1c01bbd47fc00a2c39e90264f33305004495a9","hash":"ba1c8d63d760f5c0edc66f5e9580092034ea198a"}
,"D:\\test\\projects\\Contacts\\src\\redux\\contactSlice.js": {"path":"D:\\test\\projects\\Contacts\\src\\redux\\contactSlice.js","statementMap":{"0":{"start":{"line":3,"column":21},"end":{"line":3,"column":110}},"1":{"start":{"line":5,"column":21},"end":{"line":29,"column":2}},"2":{"start":{"line":11,"column":12},"end":{"line":11,"column":168}},"3":{"start":{"line":14,"column":12},"end":{"line":14,"column":76}},"4":{"start":{"line":14,"column":45},"end":{"line":14,"column":74}},"5":{"start":{"line":17,"column":12},"end":{"line":25,"column":13}},"6":{"start":{"line":18,"column":16},"end":{"line":24,"column":17}},"7":{"start":{"line":19,"column":20},"end":{"line":19,"column":51}},"8":{"start":{"line":20,"column":20},"end":{"line":20,"column":57}},"9":{"start":{"line":21,"column":20},"end":{"line":21,"column":53}},"10":{"start":{"line":22,"column":20},"end":{"line":22,"column":60}},"11":{"start":{"line":23,"column":20},"end":{"line":23,"column":25}},"12":{"start":{"line":31,"column":54},"end":{"line":31,"column":74}}},"fnMap":{"0":{"name":"(anonymous_0)","decl":{"start":{"line":10,"column":20},"end":{"line":10,"column":21}},"loc":{"start":{"line":10,"column":38},"end":{"line":12,"column":9}},"line":10},"1":{"name":"(anonymous_1)","decl":{"start":{"line":13,"column":23},"end":{"line":13,"column":24}},"loc":{"start":{"line":13,"column":41},"end":{"line":15,"column":9}},"line":13},"2":{"name":"(anonymous_2)","decl":{"start":{"line":14,"column":32},"end":{"line":14,"column":33}},"loc":{"start":{"line":14,"column":45},"end":{"line":14,"column":74}},"line":14},"3":{"name":"(anonymous_3)","decl":{"start":{"line":16,"column":21},"end":{"line":16,"column":22}},"loc":{"start":{"line":16,"column":39},"end":{"line":26,"column":9}},"line":16}},"branchMap":{"0":{"loc":{"start":{"line":18,"column":16},"end":{"line":24,"column":17}},"type":"if","locations":[{"start":{"line":18,"column":16},"end":{"line":24,"column":17}},{"start":{},"end":{}}],"line":18}},"s":{"0":1,"1":1,"2":0,"3":0,"4":0,"5":0,"6":0,"7":0,"8":0,"9":0,"10":0,"11":0,"12":1},"f":{"0":0,"1":0,"2":0,"3":0},"b":{"0":[0,0]},"_coverageSchema":"1a1c01bbd47fc00a2c39e90264f33305004495a9","hash":"4db559bd73a8ac6c5b93ec6b87d81272457a3a63"}
,"D:\\test\\projects\\Contacts\\src\\redux\\store.js": {"path":"D:\\test\\projects\\Contacts\\src\\redux\\store.js","statementMap":{"0":{"start":{"line":4,"column":14},"end":{"line":6,"column":2}}},"fnMap":{},"branchMap":{},"s":{"0":1},"f":{},"b":{},"_coverageSchema":"1a1c01bbd47fc00a2c39e90264f33305004495a9","hash":"992e416544010f58a8388b354e9b1512a39c0554"}
,"D:\\test\\projects\\Contacts\\src\\screens\\CreateScreen.js": {"path":"D:\\test\\projects\\Contacts\\src\\screens\\CreateScreen.js","statementMap":{"0":{"start":{"line":8,"column":21},"end":{"line":28,"column":1}},"1":{"start":{"line":9,"column":21},"end":{"line":9,"column":34}},"2":{"start":{"line":10,"column":4},"end":{"line":27,"column":5}},"3":{"start":{"line":13,"column":12},"end":{"line":22,"column":13}},"4":{"start":{"line":14,"column":16},"end":{"line":14,"column":83}},"5":{"start":{"line":16,"column":18},"end":{"line":22,"column":13}},"6":{"start":{"line":17,"column":16},"end":{"line":17,"column":78}},"7":{"start":{"line":20,"column":16},"end":{"line":20,"column":128}},"8":{"start":{"line":21,"column":16},"end":{"line":21,"column":74}}},"fnMap":{"0":{"name":"(anonymous_0)","decl":{"start":{"line":8,"column":21},"end":{"line":8,"column":22}},"loc":{"start":{"line":8,"column":33},"end":{"line":28,"column":1}},"line":8},"1":{"name":"(anonymous_1)","decl":{"start":{"line":12,"column":26},"end":{"line":12,"column":27}},"loc":{"start":{"line":12,"column":60},"end":{"line":24,"column":9}},"line":12}},"branchMap":{"0":{"loc":{"start":{"line":13,"column":12},"end":{"line":22,"column":13}},"type":"if","locations":[{"start":{"line":13,"column":12},"end":{"line":22,"column":13}},{"start":{"line":16,"column":18},"end":{"line":22,"column":13}}],"line":13},"1":{"loc":{"start":{"line":13,"column":16},"end":{"line":13,"column":33}},"type":"binary-expr","locations":[{"start":{"line":13,"column":16},"end":{"line":13,"column":21}},{"start":{"line":13,"column":25},"end":{"line":13,"column":33}}],"line":13},"2":{"loc":{"start":{"line":16,"column":18},"end":{"line":22,"column":13}},"type":"if","locations":[{"start":{"line":16,"column":18},"end":{"line":22,"column":13}},{"start":{"line":19,"column":17},"end":{"line":22,"column":13}}],"line":16},"3":{"loc":{"start":{"line":16,"column":22},"end":{"line":16,"column":79}},"type":"binary-expr","locations":[{"start":{"line":16,"column":22},"end":{"line":16,"column":56}},{"start":{"line":16,"column":60},"end":{"line":16,"column":79}}],"line":16}},"s":{"0":0,"1":0,"2":0,"3":0,"4":0,"5":0,"6":0,"7":0,"8":0},"f":{"0":0,"1":0},"b":{"0":[0,0],"1":[0,0],"2":[0,0],"3":[0,0]}}
,"D:\\test\\projects\\Contacts\\src\\screens\\EditScreen.js": {"path":"D:\\test\\projects\\Contacts\\src\\screens\\EditScreen.js","statementMap":{"0":{"start":{"line":7,"column":19},"end":{"line":32,"column":1}},"1":{"start":{"line":8,"column":15},"end":{"line":8,"column":40}},"2":{"start":{"line":9,"column":18},"end":{"line":9,"column":56}},"3":{"start":{"line":9,"column":41},"end":{"line":9,"column":55}},"4":{"start":{"line":10,"column":17},"end":{"line":10,"column":82}},"5":{"start":{"line":10,"column":41},"end":{"line":10,"column":81}},"6":{"start":{"line":11,"column":21},"end":{"line":11,"column":34}},"7":{"start":{"line":12,"column":4},"end":{"line":30,"column":5}},"8":{"start":{"line":17,"column":12},"end":{"line":26,"column":13}},"9":{"start":{"line":18,"column":16},"end":{"line":18,"column":83}},"10":{"start":{"line":20,"column":18},"end":{"line":26,"column":13}},"11":{"start":{"line":21,"column":16},"end":{"line":21,"column":78}},"12":{"start":{"line":24,"column":16},"end":{"line":24,"column":99}},"13":{"start":{"line":25,"column":16},"end":{"line":25,"column":74}}},"fnMap":{"0":{"name":"(anonymous_0)","decl":{"start":{"line":7,"column":19},"end":{"line":7,"column":20}},"loc":{"start":{"line":7,"column":42},"end":{"line":32,"column":1}},"line":7},"1":{"name":"(anonymous_1)","decl":{"start":{"line":9,"column":30},"end":{"line":9,"column":31}},"loc":{"start":{"line":9,"column":41},"end":{"line":9,"column":55}},"line":9},"2":{"name":"(anonymous_2)","decl":{"start":{"line":10,"column":28},"end":{"line":10,"column":29}},"loc":{"start":{"line":10,"column":41},"end":{"line":10,"column":81}},"line":10},"3":{"name":"(anonymous_3)","decl":{"start":{"line":16,"column":20},"end":{"line":16,"column":21}},"loc":{"start":{"line":16,"column":54},"end":{"line":28,"column":9}},"line":16}},"branchMap":{"0":{"loc":{"start":{"line":17,"column":12},"end":{"line":26,"column":13}},"type":"if","locations":[{"start":{"line":17,"column":12},"end":{"line":26,"column":13}},{"start":{"line":20,"column":18},"end":{"line":26,"column":13}}],"line":17},"1":{"loc":{"start":{"line":17,"column":16},"end":{"line":17,"column":33}},"type":"binary-expr","locations":[{"start":{"line":17,"column":16},"end":{"line":17,"column":21}},{"start":{"line":17,"column":25},"end":{"line":17,"column":33}}],"line":17},"2":{"loc":{"start":{"line":20,"column":18},"end":{"line":26,"column":13}},"type":"if","locations":[{"start":{"line":20,"column":18},"end":{"line":26,"column":13}},{"start":{"line":23,"column":17},"end":{"line":26,"column":13}}],"line":20},"3":{"loc":{"start":{"line":20,"column":22},"end":{"line":20,"column":78}},"type":"binary-expr","locations":[{"start":{"line":20,"column":22},"end":{"line":20,"column":56}},{"start":{"line":20,"column":60},"end":{"line":20,"column":78}}],"line":20}},"s":{"0":0,"1":0,"2":0,"3":0,"4":0,"5":0,"6":0,"7":0,"8":0,"9":0,"10":0,"11":0,"12":0,"13":0},"f":{"0":0,"1":0,"2":0,"3":0},"b":{"0":[0,0],"1":[0,0],"2":[0,0],"3":[0,0]}}
,"D:\\test\\projects\\Contacts\\src\\screens\\IndexScreen.js": {"path":"D:\\test\\projects\\Contacts\\src\\screens\\IndexScreen.js","statementMap":{"0":{"start":{"line":8,"column":19},"end":{"line":54,"column":1}},"1":{"start":{"line":9,"column":18},"end":{"line":9,"column":56}},"2":{"start":{"line":9,"column":41},"end":{"line":9,"column":55}},"3":{"start":{"line":10,"column":21},"end":{"line":10,"column":34}},"4":{"start":{"line":11,"column":27},"end":{"line":11,"column":39}},"5":{"start":{"line":12,"column":46},"end":{"line":12,"column":66}},"6":{"start":{"line":14,"column":25},"end":{"line":26,"column":5}},"7":{"start":{"line":15,"column":8},"end":{"line":15,"column":22}},"8":{"start":{"line":16,"column":8},"end":{"line":24,"column":9}},"9":{"start":{"line":17,"column":27},"end":{"line":19,"column":14}},"10":{"start":{"line":18,"column":16},"end":{"line":18,"column":75}},"11":{"start":{"line":20,"column":12},"end":{"line":20,"column":37}},"12":{"start":{"line":22,"column":14},"end":{"line":24,"column":9}},"13":{"start":{"line":23,"column":12},"end":{"line":23,"column":41}},"14":{"start":{"line":28,"column":4},"end":{"line":53,"column":5}},"15":{"start":{"line":32,"column":43},"end":{"line":32,"column":64}},"16":{"start":{"line":36,"column":44},"end":{"line":36,"column":54}},"17":{"start":{"line":39,"column":20},"end":{"line":48,"column":21}},"18":{"start":{"line":40,"column":59},"end":{"line":40,"column":101}},"19":{"start":{"line":43,"column":66},"end":{"line":43,"column":98}},"20":{"start":{"line":56,"column":0},"end":{"line":65,"column":2}},"21":{"start":{"line":57,"column":4},"end":{"line":64,"column":5}},"22":{"start":{"line":59,"column":12},"end":{"line":61,"column":31}},"23":{"start":{"line":59,"column":45},"end":{"line":59,"column":74}},"24":{"start":{"line":69,"column":15},"end":{"line":88,"column":2}}},"fnMap":{"0":{"name":"(anonymous_0)","decl":{"start":{"line":8,"column":19},"end":{"line":8,"column":20}},"loc":{"start":{"line":8,"column":42},"end":{"line":54,"column":1}},"line":8},"1":{"name":"(anonymous_1)","decl":{"start":{"line":9,"column":30},"end":{"line":9,"column":31}},"loc":{"start":{"line":9,"column":41},"end":{"line":9,"column":55}},"line":9},"2":{"name":"(anonymous_2)","decl":{"start":{"line":14,"column":25},"end":{"line":14,"column":26}},"loc":{"start":{"line":14,"column":34},"end":{"line":26,"column":5}},"line":14},"3":{"name":"(anonymous_3)","decl":{"start":{"line":17,"column":40},"end":{"line":17,"column":41}},"loc":{"start":{"line":17,"column":50},"end":{"line":19,"column":13}},"line":17},"4":{"name":"(anonymous_4)","decl":{"start":{"line":32,"column":32},"end":{"line":32,"column":33}},"loc":{"start":{"line":32,"column":43},"end":{"line":32,"column":64}},"line":32},"5":{"name":"(anonymous_5)","decl":{"start":{"line":36,"column":31},"end":{"line":36,"column":32}},"loc":{"start":{"line":36,"column":44},"end":{"line":36,"column":54}},"line":36},"6":{"name":"(anonymous_6)","decl":{"start":{"line":38,"column":30},"end":{"line":38,"column":31}},"loc":{"start":{"line":38,"column":42},"end":{"line":49,"column":17}},"line":38},"7":{"name":"(anonymous_7)","decl":{"start":{"line":40,"column":53},"end":{"line":40,"column":54}},"loc":{"start":{"line":40,"column":59},"end":{"line":40,"column":101}},"line":40},"8":{"name":"(anonymous_8)","decl":{"start":{"line":43,"column":60},"end":{"line":43,"column":61}},"loc":{"start":{"line":43,"column":66},"end":{"line":43,"column":98}},"line":43},"9":{"name":"(anonymous_9)","decl":{"start":{"line":56,"column":32},"end":{"line":56,"column":33}},"loc":{"start":{"line":56,"column":50},"end":{"line":65,"column":1}},"line":56},"10":{"name":"(anonymous_10)","decl":{"start":{"line":58,"column":21},"end":{"line":58,"column":22}},"loc":{"start":{"line":59,"column":12},"end":{"line":61,"column":31}},"line":59},"11":{"name":"(anonymous_11)","decl":{"start":{"line":59,"column":39},"end":{"line":59,"column":40}},"loc":{"start":{"line":59,"column":45},"end":{"line":59,"column":74}},"line":59}},"branchMap":{"0":{"loc":{"start":{"line":16,"column":8},"end":{"line":24,"column":9}},"type":"if","locations":[{"start":{"line":16,"column":8},"end":{"line":24,"column":9}},{"start":{"line":22,"column":14},"end":{"line":24,"column":9}}],"line":16},"1":{"loc":{"start":{"line":22,"column":14},"end":{"line":24,"column":9}},"type":"if","locations":[{"start":{"line":22,"column":14},"end":{"line":24,"column":9}},{"start":{},"end":{}}],"line":22},"2":{"loc":{"start":{"line":35,"column":23},"end":{"line":35,"column":60}},"type":"cond-expr","locations":[{"start":{"line":35,"column":41},"end":{"line":35,"column":46}},{"start":{"line":35,"column":47},"end":{"line":35,"column":60}}],"line":35}},"s":{"0":1,"1":2,"2":2,"3":2,"4":2,"5":2,"6":2,"7":0,"8":0,"9":0,"10":0,"11":0,"12":0,"13":0,"14":2,"15":0,"16":0,"17":2,"18":0,"19":0,"20":1,"21":0,"22":0,"23":0,"24":1},"f":{"0":2,"1":2,"2":0,"3":0,"4":0,"5":0,"6":2,"7":0,"8":0,"9":0,"10":0,"11":0},"b":{"0":[0,0],"1":[0,0],"2":[2,0]},"_coverageSchema":"1a1c01bbd47fc00a2c39e90264f33305004495a9","hash":"2d6799c1f1301e42a4690f6600e4d38594091892"}
,"D:\\test\\projects\\Contacts\\src\\screens\\ShowScreen.js": {"path":"D:\\test\\projects\\Contacts\\src\\screens\\ShowScreen.js","statementMap":{"0":{"start":{"line":6,"column":19},"end":{"line":24,"column":1}},"1":{"start":{"line":7,"column":18},"end":{"line":7,"column":56}},"2":{"start":{"line":7,"column":41},"end":{"line":7,"column":55}},"3":{"start":{"line":8,"column":24},"end":{"line":8,"column":89}},"4":{"start":{"line":8,"column":48},"end":{"line":8,"column":88}},"5":{"start":{"line":9,"column":25},"end":{"line":9,"column":128}},"6":{"start":{"line":11,"column":4},"end":{"line":23,"column":5}},"7":{"start":{"line":26,"column":0},"end":{"line":34,"column":1}},"8":{"start":{"line":27,"column":4},"end":{"line":33,"column":6}},"9":{"start":{"line":29,"column":12},"end":{"line":31,"column":31}},"10":{"start":{"line":29,"column":45},"end":{"line":29,"column":106}},"11":{"start":{"line":36,"column":15},"end":{"line":52,"column":2}}},"fnMap":{"0":{"name":"(anonymous_0)","decl":{"start":{"line":6,"column":19},"end":{"line":6,"column":20}},"loc":{"start":{"line":6,"column":41},"end":{"line":24,"column":1}},"line":6},"1":{"name":"(anonymous_1)","decl":{"start":{"line":7,"column":30},"end":{"line":7,"column":31}},"loc":{"start":{"line":7,"column":41},"end":{"line":7,"column":55}},"line":7},"2":{"name":"(anonymous_2)","decl":{"start":{"line":8,"column":35},"end":{"line":8,"column":36}},"loc":{"start":{"line":8,"column":48},"end":{"line":8,"column":88}},"line":8},"3":{"name":"(anonymous_3)","decl":{"start":{"line":26,"column":31},"end":{"line":26,"column":32}},"loc":{"start":{"line":26,"column":49},"end":{"line":34,"column":1}},"line":26},"4":{"name":"(anonymous_4)","decl":{"start":{"line":28,"column":21},"end":{"line":28,"column":22}},"loc":{"start":{"line":29,"column":12},"end":{"line":31,"column":31}},"line":29},"5":{"name":"(anonymous_5)","decl":{"start":{"line":29,"column":39},"end":{"line":29,"column":40}},"loc":{"start":{"line":29,"column":45},"end":{"line":29,"column":106}},"line":29}},"branchMap":{"0":{"loc":{"start":{"line":9,"column":25},"end":{"line":9,"column":128}},"type":"cond-expr","locations":[{"start":{"line":9,"column":49},"end":{"line":9,"column":77}},{"start":{"line":9,"column":79},"end":{"line":9,"column":128}}],"line":9}},"s":{"0":0,"1":0,"2":0,"3":0,"4":0,"5":0,"6":0,"7":0,"8":0,"9":0,"10":0,"11":0},"f":{"0":0,"1":0,"2":0,"3":0,"4":0,"5":0},"b":{"0":[0,0]}}
}
